2022-04-21 08:43:36.234  INFO 14372 --- [main] c.e.s.SpringSecurityExampleApplication   : Starting SpringSecurityExampleApplication using Java 1.8.0_321 on XuanGiang with PID 14372 (D:\VMO COMPANY\LEARNING\SpringSecurityExample\target\classes started by 84344 in D:\VMO COMPANY\LEARNING\SpringSecurityExample)
2022-04-21 08:43:36.237  INFO 14372 --- [main] c.e.s.SpringSecurityExampleApplication   : No active profile set, falling back to 1 default profile: "default"
2022-04-21 08:43:36.876  INFO 14372 --- [main] .s.d.r.c.RepositoryConfigurationDelegate : Bootstrapping Spring Data JPA repositories in DEFAULT mode.
2022-04-21 08:43:36.926  INFO 14372 --- [main] .s.d.r.c.RepositoryConfigurationDelegate : Finished Spring Data repository scanning in 44 ms. Found 3 JPA repository interfaces.
2022-04-21 08:43:37.267  INFO 14372 --- [main] o.s.b.w.embedded.tomcat.TomcatWebServer  : Tomcat initialized with port(s): 8080 (http)
2022-04-21 08:43:37.275  INFO 14372 --- [main] o.apache.catalina.core.StandardService   : Starting service [Tomcat]
2022-04-21 08:43:37.275  INFO 14372 --- [main] org.apache.catalina.core.StandardEngine  : Starting Servlet engine: [Apache Tomcat/9.0.60]
2022-04-21 08:43:37.405  INFO 14372 --- [main] o.a.c.c.C.[Tomcat].[localhost].[/]       : Initializing Spring embedded WebApplicationContext
2022-04-21 08:43:37.406  INFO 14372 --- [main] w.s.c.ServletWebServerApplicationContext : Root WebApplicationContext: initialization completed in 1107 ms
2022-04-21 08:43:37.538  INFO 14372 --- [main] o.hibernate.jpa.internal.util.LogHelper  : HHH000204: Processing PersistenceUnitInfo [name: default]
2022-04-21 08:43:37.566  INFO 14372 --- [main] org.hibernate.Version                    : HHH000412: Hibernate ORM core version 5.6.7.Final
2022-04-21 08:43:37.701  INFO 14372 --- [main] o.hibernate.annotations.common.Version   : HCANN000001: Hibernate Commons Annotations {5.1.2.Final}
2022-04-21 08:43:37.764  INFO 14372 --- [main] com.zaxxer.hikari.HikariDataSource       : HikariPool-1 - Starting...
2022-04-21 08:43:38.154  INFO 14372 --- [main] com.zaxxer.hikari.HikariDataSource       : HikariPool-1 - Start completed.
2022-04-21 08:43:38.163  INFO 14372 --- [main] org.hibernate.dialect.Dialect            : HHH000400: Using dialect: org.hibernate.dialect.MySQL5InnoDBDialect
2022-04-21 08:43:38.628  INFO 14372 --- [main] o.h.e.t.j.p.i.JtaPlatformInitiator       : HHH000490: Using JtaPlatform implementation: [org.hibernate.engine.transaction.jta.platform.internal.NoJtaPlatform]
2022-04-21 08:43:38.634  INFO 14372 --- [main] j.LocalContainerEntityManagerFactoryBean : Initialized JPA EntityManagerFactory for persistence unit 'default'
2022-04-21 08:43:38.735  WARN 14372 --- [main] JpaBaseConfiguration$JpaWebConfiguration : spring.jpa.open-in-view is enabled by default. Therefore, database queries may be performed during view rendering. Explicitly configure spring.jpa.open-in-view to disable this warning
2022-04-21 08:43:39.078  INFO 14372 --- [main] o.s.s.web.DefaultSecurityFilterChain     : Will secure Ant [pattern='/css/*'] with []
2022-04-21 08:43:39.078  INFO 14372 --- [main] o.s.s.web.DefaultSecurityFilterChain     : Will secure Ant [pattern='/js/*'] with []
2022-04-21 08:43:39.102  INFO 14372 --- [main] o.s.s.web.DefaultSecurityFilterChain     : Will not secure any request
2022-04-21 08:43:39.424  INFO 14372 --- [main] o.s.b.a.w.s.WelcomePageHandlerMapping    : Adding welcome page template: index
2022-04-21 08:43:39.928  INFO 14372 --- [main] o.s.b.w.embedded.tomcat.TomcatWebServer  : Tomcat started on port(s): 8080 (http) with context path ''
2022-04-21 08:43:39.935  INFO 14372 --- [main] c.e.s.SpringSecurityExampleApplication   : Started SpringSecurityExampleApplication in 4.068 seconds (JVM running for 4.818)
2022-04-21 08:43:52.635  INFO 14372 --- [SpringApplicationShutdownHook] j.LocalContainerEntityManagerFactoryBean : Closing JPA EntityManagerFactory for persistence unit 'default'
2022-04-21 08:43:52.637  INFO 14372 --- [SpringApplicationShutdownHook] com.zaxxer.hikari.HikariDataSource       : HikariPool-1 - Shutdown initiated...
2022-04-21 08:43:52.641  INFO 14372 --- [SpringApplicationShutdownHook] com.zaxxer.hikari.HikariDataSource       : HikariPool-1 - Shutdown completed.
2022-04-21 08:43:55.986  INFO 5236 --- [main] c.e.s.SpringSecurityExampleApplication   : Starting SpringSecurityExampleApplication using Java 1.8.0_321 on XuanGiang with PID 5236 (D:\VMO COMPANY\LEARNING\SpringSecurityExample\target\classes started by 84344 in D:\VMO COMPANY\LEARNING\SpringSecurityExample)
2022-04-21 08:43:55.989  INFO 5236 --- [main] c.e.s.SpringSecurityExampleApplication   : No active profile set, falling back to 1 default profile: "default"
2022-04-21 08:43:56.592  INFO 5236 --- [main] .s.d.r.c.RepositoryConfigurationDelegate : Bootstrapping Spring Data JPA repositories in DEFAULT mode.
2022-04-21 08:43:56.642  INFO 5236 --- [main] .s.d.r.c.RepositoryConfigurationDelegate : Finished Spring Data repository scanning in 44 ms. Found 3 JPA repository interfaces.
2022-04-21 08:43:56.980  INFO 5236 --- [main] o.s.b.w.embedded.tomcat.TomcatWebServer  : Tomcat initialized with port(s): 8080 (http)
2022-04-21 08:43:56.986  INFO 5236 --- [main] o.apache.catalina.core.StandardService   : Starting service [Tomcat]
2022-04-21 08:43:56.986  INFO 5236 --- [main] org.apache.catalina.core.StandardEngine  : Starting Servlet engine: [Apache Tomcat/9.0.60]
2022-04-21 08:43:57.114  INFO 5236 --- [main] o.a.c.c.C.[Tomcat].[localhost].[/]       : Initializing Spring embedded WebApplicationContext
2022-04-21 08:43:57.114  INFO 5236 --- [main] w.s.c.ServletWebServerApplicationContext : Root WebApplicationContext: initialization completed in 1074 ms
2022-04-21 08:43:57.256  INFO 5236 --- [main] o.hibernate.jpa.internal.util.LogHelper  : HHH000204: Processing PersistenceUnitInfo [name: default]
2022-04-21 08:43:57.286  INFO 5236 --- [main] org.hibernate.Version                    : HHH000412: Hibernate ORM core version 5.6.7.Final
2022-04-21 08:43:57.420  INFO 5236 --- [main] o.hibernate.annotations.common.Version   : HCANN000001: Hibernate Commons Annotations {5.1.2.Final}
2022-04-21 08:43:57.485  INFO 5236 --- [main] com.zaxxer.hikari.HikariDataSource       : HikariPool-1 - Starting...
2022-04-21 08:43:57.883  INFO 5236 --- [main] com.zaxxer.hikari.HikariDataSource       : HikariPool-1 - Start completed.
2022-04-21 08:43:57.892  INFO 5236 --- [main] org.hibernate.dialect.Dialect            : HHH000400: Using dialect: org.hibernate.dialect.MySQL5InnoDBDialect
2022-04-21 08:43:58.347  INFO 5236 --- [main] o.h.e.t.j.p.i.JtaPlatformInitiator       : HHH000490: Using JtaPlatform implementation: [org.hibernate.engine.transaction.jta.platform.internal.NoJtaPlatform]
2022-04-21 08:43:58.353  INFO 5236 --- [main] j.LocalContainerEntityManagerFactoryBean : Initialized JPA EntityManagerFactory for persistence unit 'default'
2022-04-21 08:43:58.451  WARN 5236 --- [main] JpaBaseConfiguration$JpaWebConfiguration : spring.jpa.open-in-view is enabled by default. Therefore, database queries may be performed during view rendering. Explicitly configure spring.jpa.open-in-view to disable this warning
2022-04-21 08:43:58.786  INFO 5236 --- [main] o.s.s.web.DefaultSecurityFilterChain     : Will secure Ant [pattern='/css/*'] with []
2022-04-21 08:43:58.786  INFO 5236 --- [main] o.s.s.web.DefaultSecurityFilterChain     : Will secure Ant [pattern='/js/*'] with []
2022-04-21 08:43:58.810  INFO 5236 --- [main] o.s.s.web.DefaultSecurityFilterChain     : Will not secure any request
2022-04-21 08:43:59.132  INFO 5236 --- [main] o.s.b.a.w.s.WelcomePageHandlerMapping    : Adding welcome page template: index
2022-04-21 08:43:59.562  INFO 5236 --- [main] o.s.b.w.embedded.tomcat.TomcatWebServer  : Tomcat started on port(s): 8080 (http) with context path ''
2022-04-21 08:43:59.570  INFO 5236 --- [main] c.e.s.SpringSecurityExampleApplication   : Started SpringSecurityExampleApplication in 3.95 seconds (JVM running for 4.69)
2022-04-20 08:44:34.713  INFO 5236 --- [SpringApplicationShutdownHook] j.LocalContainerEntityManagerFactoryBean : Closing JPA EntityManagerFactory for persistence unit 'default'
2022-04-20 08:44:34.717  INFO 5236 --- [SpringApplicationShutdownHook] com.zaxxer.hikari.HikariDataSource       : HikariPool-1 - Shutdown initiated...
2022-04-20 08:44:34.721  INFO 5236 --- [SpringApplicationShutdownHook] com.zaxxer.hikari.HikariDataSource       : HikariPool-1 - Shutdown completed.
2022-04-20 08:44:37.549  INFO 24516 --- [main] c.e.s.SpringSecurityExampleApplication   : Starting SpringSecurityExampleApplication using Java 1.8.0_321 on XuanGiang with PID 24516 (D:\VMO COMPANY\LEARNING\SpringSecurityExample\target\classes started by 84344 in D:\VMO COMPANY\LEARNING\SpringSecurityExample)
2022-04-20 08:44:37.553  INFO 24516 --- [main] c.e.s.SpringSecurityExampleApplication   : No active profile set, falling back to 1 default profile: "default"
2022-04-20 08:44:38.170  INFO 24516 --- [main] .s.d.r.c.RepositoryConfigurationDelegate : Bootstrapping Spring Data JPA repositories in DEFAULT mode.
2022-04-20 08:44:38.220  INFO 24516 --- [main] .s.d.r.c.RepositoryConfigurationDelegate : Finished Spring Data repository scanning in 44 ms. Found 3 JPA repository interfaces.
2022-04-20 08:44:38.560  INFO 24516 --- [main] o.s.b.w.embedded.tomcat.TomcatWebServer  : Tomcat initialized with port(s): 8080 (http)
2022-04-20 08:44:38.566  INFO 24516 --- [main] o.apache.catalina.core.StandardService   : Starting service [Tomcat]
2022-04-20 08:44:38.566  INFO 24516 --- [main] org.apache.catalina.core.StandardEngine  : Starting Servlet engine: [Apache Tomcat/9.0.60]
2022-04-20 08:44:38.707  INFO 24516 --- [main] o.a.c.c.C.[Tomcat].[localhost].[/]       : Initializing Spring embedded WebApplicationContext
2022-04-20 08:44:38.707  INFO 24516 --- [main] w.s.c.ServletWebServerApplicationContext : Root WebApplicationContext: initialization completed in 1102 ms
2022-04-20 08:44:38.840  INFO 24516 --- [main] o.hibernate.jpa.internal.util.LogHelper  : HHH000204: Processing PersistenceUnitInfo [name: default]
2022-04-20 08:44:38.870  INFO 24516 --- [main] org.hibernate.Version                    : HHH000412: Hibernate ORM core version 5.6.7.Final
2022-04-20 08:44:39.006  INFO 24516 --- [main] o.hibernate.annotations.common.Version   : HCANN000001: Hibernate Commons Annotations {5.1.2.Final}
2022-04-20 08:44:39.069  INFO 24516 --- [main] com.zaxxer.hikari.HikariDataSource       : HikariPool-1 - Starting...
2022-04-20 08:44:39.464  INFO 24516 --- [main] com.zaxxer.hikari.HikariDataSource       : HikariPool-1 - Start completed.
2022-04-20 08:44:39.473  INFO 24516 --- [main] org.hibernate.dialect.Dialect            : HHH000400: Using dialect: org.hibernate.dialect.MySQL5InnoDBDialect
2022-04-20 08:44:39.929  INFO 24516 --- [main] o.h.e.t.j.p.i.JtaPlatformInitiator       : HHH000490: Using JtaPlatform implementation: [org.hibernate.engine.transaction.jta.platform.internal.NoJtaPlatform]
2022-04-20 08:44:39.935  INFO 24516 --- [main] j.LocalContainerEntityManagerFactoryBean : Initialized JPA EntityManagerFactory for persistence unit 'default'
2022-04-20 08:44:40.045  WARN 24516 --- [main] JpaBaseConfiguration$JpaWebConfiguration : spring.jpa.open-in-view is enabled by default. Therefore, database queries may be performed during view rendering. Explicitly configure spring.jpa.open-in-view to disable this warning
2022-04-20 08:44:40.378  INFO 24516 --- [main] o.s.s.web.DefaultSecurityFilterChain     : Will secure Ant [pattern='/css/*'] with []
2022-04-20 08:44:40.378  INFO 24516 --- [main] o.s.s.web.DefaultSecurityFilterChain     : Will secure Ant [pattern='/js/*'] with []
2022-04-20 08:44:40.400  INFO 24516 --- [main] o.s.s.web.DefaultSecurityFilterChain     : Will not secure any request
2022-04-20 08:44:40.709  INFO 24516 --- [main] o.s.b.a.w.s.WelcomePageHandlerMapping    : Adding welcome page template: index
2022-04-20 08:44:41.106  INFO 24516 --- [main] o.s.b.w.embedded.tomcat.TomcatWebServer  : Tomcat started on port(s): 8080 (http) with context path ''
2022-04-20 08:44:41.114  INFO 24516 --- [main] c.e.s.SpringSecurityExampleApplication   : Started SpringSecurityExampleApplication in 3.962 seconds (JVM running for 4.738)
2022-04-19 08:44:57.335  INFO 24516 --- [SpringApplicationShutdownHook] j.LocalContainerEntityManagerFactoryBean : Closing JPA EntityManagerFactory for persistence unit 'default'
2022-04-19 08:44:57.337  INFO 24516 --- [SpringApplicationShutdownHook] com.zaxxer.hikari.HikariDataSource       : HikariPool-1 - Shutdown initiated...
2022-04-19 08:44:57.341  INFO 24516 --- [SpringApplicationShutdownHook] com.zaxxer.hikari.HikariDataSource       : HikariPool-1 - Shutdown completed.
2022-04-19 08:44:59.399  INFO 9000 --- [main] c.e.s.SpringSecurityExampleApplication   : Starting SpringSecurityExampleApplication using Java 1.8.0_321 on XuanGiang with PID 9000 (D:\VMO COMPANY\LEARNING\SpringSecurityExample\target\classes started by 84344 in D:\VMO COMPANY\LEARNING\SpringSecurityExample)
2022-04-19 08:44:59.402  INFO 9000 --- [main] c.e.s.SpringSecurityExampleApplication   : No active profile set, falling back to 1 default profile: "default"
2022-04-19 08:45:00.032  INFO 9000 --- [main] .s.d.r.c.RepositoryConfigurationDelegate : Bootstrapping Spring Data JPA repositories in DEFAULT mode.
2022-04-19 08:45:00.081  INFO 9000 --- [main] .s.d.r.c.RepositoryConfigurationDelegate : Finished Spring Data repository scanning in 42 ms. Found 3 JPA repository interfaces.
2022-04-19 08:45:00.444  INFO 9000 --- [main] o.s.b.w.embedded.tomcat.TomcatWebServer  : Tomcat initialized with port(s): 8080 (http)
2022-04-19 08:45:00.449  INFO 9000 --- [main] o.apache.catalina.core.StandardService   : Starting service [Tomcat]
2022-04-19 08:45:00.450  INFO 9000 --- [main] org.apache.catalina.core.StandardEngine  : Starting Servlet engine: [Apache Tomcat/9.0.60]
2022-04-19 08:45:00.579  INFO 9000 --- [main] o.a.c.c.C.[Tomcat].[localhost].[/]       : Initializing Spring embedded WebApplicationContext
2022-04-19 08:45:00.579  INFO 9000 --- [main] w.s.c.ServletWebServerApplicationContext : Root WebApplicationContext: initialization completed in 1129 ms
2022-04-19 08:45:00.748  INFO 9000 --- [main] o.hibernate.jpa.internal.util.LogHelper  : HHH000204: Processing PersistenceUnitInfo [name: default]
2022-04-19 08:45:00.791  INFO 9000 --- [main] org.hibernate.Version                    : HHH000412: Hibernate ORM core version 5.6.7.Final
2022-04-19 08:45:00.957  INFO 9000 --- [main] o.hibernate.annotations.common.Version   : HCANN000001: Hibernate Commons Annotations {5.1.2.Final}
2022-04-19 08:45:01.021  INFO 9000 --- [main] com.zaxxer.hikari.HikariDataSource       : HikariPool-1 - Starting...
2022-04-19 08:45:01.420  INFO 9000 --- [main] com.zaxxer.hikari.HikariDataSource       : HikariPool-1 - Start completed.
2022-04-19 08:45:01.429  INFO 9000 --- [main] org.hibernate.dialect.Dialect            : HHH000400: Using dialect: org.hibernate.dialect.MySQL5InnoDBDialect
2022-04-19 08:45:01.904  INFO 9000 --- [main] o.h.e.t.j.p.i.JtaPlatformInitiator       : HHH000490: Using JtaPlatform implementation: [org.hibernate.engine.transaction.jta.platform.internal.NoJtaPlatform]
2022-04-19 08:45:01.911  INFO 9000 --- [main] j.LocalContainerEntityManagerFactoryBean : Initialized JPA EntityManagerFactory for persistence unit 'default'
2022-04-19 08:45:02.020  WARN 9000 --- [main] JpaBaseConfiguration$JpaWebConfiguration : spring.jpa.open-in-view is enabled by default. Therefore, database queries may be performed during view rendering. Explicitly configure spring.jpa.open-in-view to disable this warning
2022-04-19 08:45:02.359  INFO 9000 --- [main] o.s.s.web.DefaultSecurityFilterChain     : Will secure Ant [pattern='/css/*'] with []
2022-04-19 08:45:02.359  INFO 9000 --- [main] o.s.s.web.DefaultSecurityFilterChain     : Will secure Ant [pattern='/js/*'] with []
2022-04-19 08:45:02.402  INFO 9000 --- [main] o.s.s.web.DefaultSecurityFilterChain     : Will not secure any request
2022-04-19 08:45:02.769  INFO 9000 --- [main] o.s.b.a.w.s.WelcomePageHandlerMapping    : Adding welcome page template: index
2022-04-19 08:45:03.189  INFO 9000 --- [main] o.s.b.w.embedded.tomcat.TomcatWebServer  : Tomcat started on port(s): 8080 (http) with context path ''
2022-04-19 08:45:03.197  INFO 9000 --- [main] c.e.s.SpringSecurityExampleApplication   : Started SpringSecurityExampleApplication in 4.193 seconds (JVM running for 4.981)
2022-04-19 08:50:29.157  INFO 9000 --- [http-nio-8080-exec-1] o.a.c.c.C.[Tomcat].[localhost].[/]       : Initializing Spring DispatcherServlet 'dispatcherServlet'
2022-04-19 08:50:29.157  INFO 9000 --- [http-nio-8080-exec-1] o.s.web.servlet.DispatcherServlet        : Initializing Servlet 'dispatcherServlet'
2022-04-19 08:50:29.159  INFO 9000 --- [http-nio-8080-exec-1] o.s.web.servlet.DispatcherServlet        : Completed initialization in 2 ms
