2022-04-20 08:33:05.787  INFO 21160 --- [main] c.e.s.SpringSecurityExampleApplication   : Starting SpringSecurityExampleApplication using Java 1.8.0_321 on XuanGiang with PID 21160 (D:\VMO COMPANY\LEARNING\SpringSecurityExample\target\classes started by 84344 in D:\VMO COMPANY\LEARNING\SpringSecurityExample)
2022-04-20 08:33:05.789  INFO 21160 --- [main] c.e.s.SpringSecurityExampleApplication   : No active profile set, falling back to 1 default profile: "default"
2022-04-20 08:33:06.530  INFO 21160 --- [main] .s.d.r.c.RepositoryConfigurationDelegate : Bootstrapping Spring Data JPA repositories in DEFAULT mode.
2022-04-20 08:33:06.580  INFO 21160 --- [main] .s.d.r.c.RepositoryConfigurationDelegate : Finished Spring Data repository scanning in 44 ms. Found 3 JPA repository interfaces.
2022-04-20 08:33:06.927  INFO 21160 --- [main] o.s.b.w.embedded.tomcat.TomcatWebServer  : Tomcat initialized with port(s): 8080 (http)
2022-04-20 08:33:06.933  INFO 21160 --- [main] o.apache.catalina.core.StandardService   : Starting service [Tomcat]
2022-04-20 08:33:06.933  INFO 21160 --- [main] org.apache.catalina.core.StandardEngine  : Starting Servlet engine: [Apache Tomcat/9.0.60]
2022-04-20 08:33:07.067  INFO 21160 --- [main] o.a.c.c.C.[Tomcat].[localhost].[/]       : Initializing Spring embedded WebApplicationContext
2022-04-20 08:33:07.067  INFO 21160 --- [main] w.s.c.ServletWebServerApplicationContext : Root WebApplicationContext: initialization completed in 1200 ms
2022-04-20 08:33:07.203  INFO 21160 --- [main] o.hibernate.jpa.internal.util.LogHelper  : HHH000204: Processing PersistenceUnitInfo [name: default]
2022-04-20 08:33:07.232  INFO 21160 --- [main] org.hibernate.Version                    : HHH000412: Hibernate ORM core version 5.6.7.Final
2022-04-20 08:33:07.364  INFO 21160 --- [main] o.hibernate.annotations.common.Version   : HCANN000001: Hibernate Commons Annotations {5.1.2.Final}
2022-04-20 08:33:07.428  INFO 21160 --- [main] com.zaxxer.hikari.HikariDataSource       : HikariPool-1 - Starting...
2022-04-20 08:33:07.824  INFO 21160 --- [main] com.zaxxer.hikari.HikariDataSource       : HikariPool-1 - Start completed.
2022-04-20 08:33:07.833  INFO 21160 --- [main] org.hibernate.dialect.Dialect            : HHH000400: Using dialect: org.hibernate.dialect.MySQL5InnoDBDialect
2022-04-20 08:33:08.649  INFO 21160 --- [main] o.h.e.t.j.p.i.JtaPlatformInitiator       : HHH000490: Using JtaPlatform implementation: [org.hibernate.engine.transaction.jta.platform.internal.NoJtaPlatform]
2022-04-20 08:33:08.661  INFO 21160 --- [main] j.LocalContainerEntityManagerFactoryBean : Initialized JPA EntityManagerFactory for persistence unit 'default'
2022-04-20 08:33:08.910  WARN 21160 --- [main] JpaBaseConfiguration$JpaWebConfiguration : spring.jpa.open-in-view is enabled by default. Therefore, database queries may be performed during view rendering. Explicitly configure spring.jpa.open-in-view to disable this warning
2022-04-20 08:33:09.406  INFO 21160 --- [main] o.s.s.web.DefaultSecurityFilterChain     : Will secure Ant [pattern='/css/*'] with []
2022-04-20 08:33:09.406  INFO 21160 --- [main] o.s.s.web.DefaultSecurityFilterChain     : Will secure Ant [pattern='/js/*'] with []
2022-04-20 08:33:09.429  INFO 21160 --- [main] o.s.s.web.DefaultSecurityFilterChain     : Will not secure any request
2022-04-20 08:33:09.760  INFO 21160 --- [main] o.s.b.a.w.s.WelcomePageHandlerMapping    : Adding welcome page template: index
2022-04-20 08:33:10.189  INFO 21160 --- [main] o.s.b.w.embedded.tomcat.TomcatWebServer  : Tomcat started on port(s): 8080 (http) with context path ''
2022-04-20 08:33:10.196  INFO 21160 --- [main] c.e.s.SpringSecurityExampleApplication   : Started SpringSecurityExampleApplication in 4.814 seconds (JVM running for 5.581)
2022-04-20 08:37:33.401  INFO 21160 --- [SpringApplicationShutdownHook] j.LocalContainerEntityManagerFactoryBean : Closing JPA EntityManagerFactory for persistence unit 'default'
2022-04-20 08:37:33.402  INFO 21160 --- [SpringApplicationShutdownHook] com.zaxxer.hikari.HikariDataSource       : HikariPool-1 - Shutdown initiated...
2022-04-20 08:37:33.406  INFO 21160 --- [SpringApplicationShutdownHook] com.zaxxer.hikari.HikariDataSource       : HikariPool-1 - Shutdown completed.
