2022-04-26 11:49:15.664  INFO 23468 --- [main] o.a.c.c.C.[Tomcat].[localhost].[/]       : Initializing Spring embedded WebApplicationContext
2022-04-26 11:49:15.665  INFO 23468 --- [main] w.s.c.ServletWebServerApplicationContext : Root WebApplicationContext: initialization completed in 1372 ms
2022-04-26 11:49:15.813  INFO 23468 --- [main] o.hibernate.jpa.internal.util.LogHelper  : HHH000204: Processing PersistenceUnitInfo [name: default]
2022-04-26 11:49:15.845  INFO 23468 --- [main] org.hibernate.Version                    : HHH000412: Hibernate ORM core version 5.6.7.Final
2022-04-26 11:49:15.936  INFO 23468 --- [main] o.hibernate.annotations.common.Version   : HCANN000001: Hibernate Commons Annotations {5.1.2.Final}
2022-04-26 11:49:16.003  INFO 23468 --- [main] com.zaxxer.hikari.HikariDataSource       : HikariPool-1 - Starting...
2022-04-26 11:49:16.429  INFO 23468 --- [main] com.zaxxer.hikari.HikariDataSource       : HikariPool-1 - Start completed.
2022-04-26 11:49:16.438  INFO 23468 --- [main] org.hibernate.dialect.Dialect            : HHH000400: Using dialect: org.hibernate.dialect.MySQL5InnoDBDialect
2022-04-26 11:49:16.973  INFO 23468 --- [main] o.h.e.t.j.p.i.JtaPlatformInitiator       : HHH000490: Using JtaPlatform implementation: [org.hibernate.engine.transaction.jta.platform.internal.NoJtaPlatform]
2022-04-26 11:49:16.980  INFO 23468 --- [main] j.LocalContainerEntityManagerFactoryBean : Initialized JPA EntityManagerFactory for persistence unit 'default'
2022-04-26 11:49:17.103  WARN 23468 --- [main] JpaBaseConfiguration$JpaWebConfiguration : spring.jpa.open-in-view is enabled by default. Therefore, database queries may be performed during view rendering. Explicitly configure spring.jpa.open-in-view to disable this warning
2022-04-26 11:49:17.666  INFO 23468 --- [main] o.s.s.web.DefaultSecurityFilterChain     : Will secure Ant [pattern='/css/**'] with []
2022-04-26 11:49:17.666  INFO 23468 --- [main] o.s.s.web.DefaultSecurityFilterChain     : Will secure Ant [pattern='/js/*'] with []
2022-04-26 11:49:17.719  INFO 23468 --- [main] o.s.s.web.DefaultSecurityFilterChain     : Will not secure any request
2022-04-26 11:49:17.920  INFO 23468 --- [main] o.s.b.a.w.s.WelcomePageHandlerMapping    : Adding welcome page template: index
2022-04-26 11:49:18.441  INFO 23468 --- [main] o.s.b.w.embedded.tomcat.TomcatWebServer  : Tomcat started on port(s): 8080 (http) with context path ''
2022-04-26 11:49:18.452  INFO 23468 --- [main] c.e.s.SpringSecurityExampleApplication   : Started SpringSecurityExampleApplication in 4.58 seconds (JVM running for 5.609)
2022-04-26 11:49:23.734  INFO 23468 --- [http-nio-8080-exec-1] o.a.c.c.C.[Tomcat].[localhost].[/]       : Initializing Spring DispatcherServlet 'dispatcherServlet'
2022-04-26 11:49:23.734  INFO 23468 --- [http-nio-8080-exec-1] o.s.web.servlet.DispatcherServlet        : Initializing Servlet 'dispatcherServlet'
2022-04-26 11:49:23.735  INFO 23468 --- [http-nio-8080-exec-1] o.s.web.servlet.DispatcherServlet        : Completed initialization in 1 ms
2022-04-26 11:50:09.238  INFO 23468 --- [SpringApplicationShutdownHook] j.LocalContainerEntityManagerFactoryBean : Closing JPA EntityManagerFactory for persistence unit 'default'
2022-04-26 11:50:09.240  INFO 23468 --- [SpringApplicationShutdownHook] com.zaxxer.hikari.HikariDataSource       : HikariPool-1 - Shutdown initiated...
2022-04-26 11:50:09.245  INFO 23468 --- [SpringApplicationShutdownHook] com.zaxxer.hikari.HikariDataSource       : HikariPool-1 - Shutdown completed.
2022-04-26 11:50:14.715  INFO 6832 --- [main] c.e.s.SpringSecurityExampleApplication   : Starting SpringSecurityExampleApplication using Java 1.8.0_321 on XuanGiang with PID 6832 (D:\VMO COMPANY\LEARNING\SpringSecurityExample\target\classes started by 84344 in D:\VMO COMPANY\LEARNING\SpringSecurityExample)
2022-04-26 11:50:14.719  INFO 6832 --- [main] c.e.s.SpringSecurityExampleApplication   : No active profile set, falling back to 1 default profile: "default"
2022-04-26 11:50:15.548  INFO 6832 --- [main] .s.d.r.c.RepositoryConfigurationDelegate : Bootstrapping Spring Data JPA repositories in DEFAULT mode.
2022-04-26 11:50:15.602  INFO 6832 --- [main] .s.d.r.c.RepositoryConfigurationDelegate : Finished Spring Data repository scanning in 47 ms. Found 4 JPA repository interfaces.
2022-04-26 11:50:16.010  INFO 6832 --- [main] o.s.b.w.embedded.tomcat.TomcatWebServer  : Tomcat initialized with port(s): 8080 (http)
2022-04-26 11:50:16.016  INFO 6832 --- [main] o.apache.catalina.core.StandardService   : Starting service [Tomcat]
2022-04-26 11:50:16.017  INFO 6832 --- [main] org.apache.catalina.core.StandardEngine  : Starting Servlet engine: [Apache Tomcat/9.0.60]
2022-04-26 11:50:16.176  INFO 6832 --- [main] o.a.c.c.C.[Tomcat].[localhost].[/]       : Initializing Spring embedded WebApplicationContext
2022-04-26 11:50:16.177  INFO 6832 --- [main] w.s.c.ServletWebServerApplicationContext : Root WebApplicationContext: initialization completed in 1405 ms
2022-04-26 11:50:16.321  INFO 6832 --- [main] o.hibernate.jpa.internal.util.LogHelper  : HHH000204: Processing PersistenceUnitInfo [name: default]
2022-04-26 11:50:16.356  INFO 6832 --- [main] org.hibernate.Version                    : HHH000412: Hibernate ORM core version 5.6.7.Final
2022-04-26 11:50:16.450  INFO 6832 --- [main] o.hibernate.annotations.common.Version   : HCANN000001: Hibernate Commons Annotations {5.1.2.Final}
2022-04-26 11:50:16.519  INFO 6832 --- [main] com.zaxxer.hikari.HikariDataSource       : HikariPool-1 - Starting...
2022-04-26 11:50:16.945  INFO 6832 --- [main] com.zaxxer.hikari.HikariDataSource       : HikariPool-1 - Start completed.
2022-04-26 11:50:16.955  INFO 6832 --- [main] org.hibernate.dialect.Dialect            : HHH000400: Using dialect: org.hibernate.dialect.MySQL5InnoDBDialect
2022-04-26 11:50:17.503  INFO 6832 --- [main] o.h.e.t.j.p.i.JtaPlatformInitiator       : HHH000490: Using JtaPlatform implementation: [org.hibernate.engine.transaction.jta.platform.internal.NoJtaPlatform]
2022-04-26 11:50:17.510  INFO 6832 --- [main] j.LocalContainerEntityManagerFactoryBean : Initialized JPA EntityManagerFactory for persistence unit 'default'
2022-04-26 11:50:17.625  WARN 6832 --- [main] JpaBaseConfiguration$JpaWebConfiguration : spring.jpa.open-in-view is enabled by default. Therefore, database queries may be performed during view rendering. Explicitly configure spring.jpa.open-in-view to disable this warning
2022-04-26 11:50:18.241  INFO 6832 --- [main] o.s.s.web.DefaultSecurityFilterChain     : Will secure Ant [pattern='/css/**'] with []
2022-04-26 11:50:18.241  INFO 6832 --- [main] o.s.s.web.DefaultSecurityFilterChain     : Will secure Ant [pattern='/js/*'] with []
2022-04-26 11:50:18.292  INFO 6832 --- [main] o.s.s.web.DefaultSecurityFilterChain     : Will not secure any request
2022-04-26 11:50:18.492  INFO 6832 --- [main] o.s.b.a.w.s.WelcomePageHandlerMapping    : Adding welcome page template: index
2022-04-26 11:50:19.057  INFO 6832 --- [main] o.s.b.w.embedded.tomcat.TomcatWebServer  : Tomcat started on port(s): 8080 (http) with context path ''
2022-04-26 11:50:19.073  INFO 6832 --- [main] c.e.s.SpringSecurityExampleApplication   : Started SpringSecurityExampleApplication in 4.763 seconds (JVM running for 5.857)
2022-04-26 11:50:20.309  INFO 6832 --- [http-nio-8080-exec-1] o.a.c.c.C.[Tomcat].[localhost].[/]       : Initializing Spring DispatcherServlet 'dispatcherServlet'
2022-04-26 11:50:20.309  INFO 6832 --- [http-nio-8080-exec-1] o.s.web.servlet.DispatcherServlet        : Initializing Servlet 'dispatcherServlet'
2022-04-26 11:50:20.311  INFO 6832 --- [http-nio-8080-exec-1] o.s.web.servlet.DispatcherServlet        : Completed initialization in 1 ms
2022-04-26 11:51:05.543  INFO 6832 --- [SpringApplicationShutdownHook] j.LocalContainerEntityManagerFactoryBean : Closing JPA EntityManagerFactory for persistence unit 'default'
2022-04-26 11:51:05.545  INFO 6832 --- [SpringApplicationShutdownHook] com.zaxxer.hikari.HikariDataSource       : HikariPool-1 - Shutdown initiated...
2022-04-26 11:51:05.550  INFO 6832 --- [SpringApplicationShutdownHook] com.zaxxer.hikari.HikariDataSource       : HikariPool-1 - Shutdown completed.
2022-04-26 11:51:10.568  INFO 19824 --- [main] c.e.s.SpringSecurityExampleApplication   : Starting SpringSecurityExampleApplication using Java 1.8.0_321 on XuanGiang with PID 19824 (D:\VMO COMPANY\LEARNING\SpringSecurityExample\target\classes started by 84344 in D:\VMO COMPANY\LEARNING\SpringSecurityExample)
2022-04-26 11:51:10.571  INFO 19824 --- [main] c.e.s.SpringSecurityExampleApplication   : No active profile set, falling back to 1 default profile: "default"
2022-04-26 11:51:11.311  INFO 19824 --- [main] .s.d.r.c.RepositoryConfigurationDelegate : Bootstrapping Spring Data JPA repositories in DEFAULT mode.
2022-04-26 11:51:11.366  INFO 19824 --- [main] .s.d.r.c.RepositoryConfigurationDelegate : Finished Spring Data repository scanning in 48 ms. Found 4 JPA repository interfaces.
2022-04-26 11:51:11.768  INFO 19824 --- [main] o.s.b.w.embedded.tomcat.TomcatWebServer  : Tomcat initialized with port(s): 8080 (http)
2022-04-26 11:51:11.776  INFO 19824 --- [main] o.apache.catalina.core.StandardService   : Starting service [Tomcat]
2022-04-26 11:51:11.776  INFO 19824 --- [main] org.apache.catalina.core.StandardEngine  : Starting Servlet engine: [Apache Tomcat/9.0.60]
2022-04-26 11:51:11.941  INFO 19824 --- [main] o.a.c.c.C.[Tomcat].[localhost].[/]       : Initializing Spring embedded WebApplicationContext
2022-04-26 11:51:11.941  INFO 19824 --- [main] w.s.c.ServletWebServerApplicationContext : Root WebApplicationContext: initialization completed in 1328 ms
2022-04-26 11:51:12.118  INFO 19824 --- [main] o.hibernate.jpa.internal.util.LogHelper  : HHH000204: Processing PersistenceUnitInfo [name: default]
2022-04-26 11:51:12.149  INFO 19824 --- [main] org.hibernate.Version                    : HHH000412: Hibernate ORM core version 5.6.7.Final
2022-04-26 11:51:12.243  INFO 19824 --- [main] o.hibernate.annotations.common.Version   : HCANN000001: Hibernate Commons Annotations {5.1.2.Final}
2022-04-26 11:51:12.314  INFO 19824 --- [main] com.zaxxer.hikari.HikariDataSource       : HikariPool-1 - Starting...
2022-04-26 11:51:12.733  INFO 19824 --- [main] com.zaxxer.hikari.HikariDataSource       : HikariPool-1 - Start completed.
2022-04-26 11:51:12.743  INFO 19824 --- [main] org.hibernate.dialect.Dialect            : HHH000400: Using dialect: org.hibernate.dialect.MySQL5InnoDBDialect
2022-04-26 11:51:13.287  INFO 19824 --- [main] o.h.e.t.j.p.i.JtaPlatformInitiator       : HHH000490: Using JtaPlatform implementation: [org.hibernate.engine.transaction.jta.platform.internal.NoJtaPlatform]
2022-04-26 11:51:13.294  INFO 19824 --- [main] j.LocalContainerEntityManagerFactoryBean : Initialized JPA EntityManagerFactory for persistence unit 'default'
2022-04-26 11:51:13.419  WARN 19824 --- [main] JpaBaseConfiguration$JpaWebConfiguration : spring.jpa.open-in-view is enabled by default. Therefore, database queries may be performed during view rendering. Explicitly configure spring.jpa.open-in-view to disable this warning
2022-04-26 11:51:13.996  INFO 19824 --- [main] o.s.s.web.DefaultSecurityFilterChain     : Will secure Ant [pattern='/css/**'] with []
2022-04-26 11:51:13.996  INFO 19824 --- [main] o.s.s.web.DefaultSecurityFilterChain     : Will secure Ant [pattern='/js/*'] with []
2022-04-26 11:51:14.048  INFO 19824 --- [main] o.s.s.web.DefaultSecurityFilterChain     : Will not secure any request
2022-04-26 11:51:14.294  INFO 19824 --- [main] o.s.b.a.w.s.WelcomePageHandlerMapping    : Adding welcome page template: index
2022-04-26 11:51:14.857  INFO 19824 --- [main] o.s.b.w.embedded.tomcat.TomcatWebServer  : Tomcat started on port(s): 8080 (http) with context path ''
2022-04-26 11:51:14.867  INFO 19824 --- [main] c.e.s.SpringSecurityExampleApplication   : Started SpringSecurityExampleApplication in 4.665 seconds (JVM running for 5.496)
2022-04-26 11:51:18.273  INFO 19824 --- [http-nio-8080-exec-1] o.a.c.c.C.[Tomcat].[localhost].[/]       : Initializing Spring DispatcherServlet 'dispatcherServlet'
2022-04-26 11:51:18.273  INFO 19824 --- [http-nio-8080-exec-1] o.s.web.servlet.DispatcherServlet        : Initializing Servlet 'dispatcherServlet'
2022-04-26 11:51:18.274  INFO 19824 --- [http-nio-8080-exec-1] o.s.web.servlet.DispatcherServlet        : Completed initialization in 1 ms
2022-04-26 11:55:14.489  INFO 19824 --- [SpringApplicationShutdownHook] j.LocalContainerEntityManagerFactoryBean : Closing JPA EntityManagerFactory for persistence unit 'default'
2022-04-26 11:55:14.492  INFO 19824 --- [SpringApplicationShutdownHook] com.zaxxer.hikari.HikariDataSource       : HikariPool-1 - Shutdown initiated...
2022-04-26 11:55:14.496  INFO 19824 --- [SpringApplicationShutdownHook] com.zaxxer.hikari.HikariDataSource       : HikariPool-1 - Shutdown completed.
